1 arm
2 legs
none
1 arm
2 legs
none
13 legs
5 legs
4 arms
2 legs
1 leg
1 arm
1 arm
3 arms
2 arms
2 arms
none
none
none
1 leg
1 leg
none
none
none
1 arm
1 arm
1 arm
10 arms
13 arms
11 arms
8 arms
11 arms
7 arms
10 arms
11 arms
12 arms
10 arms
12 arms
13 arms
14 arms
10 arms
10 arms
15 arms
9 arms
9 arms
11 arms
13 arms
24 arms
23 arms
21 arms
23 arms
26 arms
5 legs
3 legs
6 legs
4 legs
5 legs
3 legs
7 legs
5 legs
6 legs
2 legs
5 legs
4 legs
5 legs
6 legs
6 legs
8 legs
5 legs
4 legs
7 legs
6 legs
11 legs
12 legs
10 legs
11 legs
12 legs
