7
10416
9920
10068992
1
1
1
1
1
1
1
1
1
1
1
1
1
1
1
1
1
1
1
1
0
1
0
2
0
4
0
8
0
16
0
32
0
64
0
128
0
256
0
512
0
0
1
1
7
7
35
35
155
155
651
651
2667
2667
10795
10795
43435
43435
174251
174251
0
0
1
0
14
8
140
112
1240
1120
10416
9920
85344
83328
690880
682752
5559680
5527040
2339452
2208636
0
0
0
0
7
7
273
273
6293
6293
119133
119133
2066925
2066925
2710698
2710698
1492088
1492088
6765363
6765363
0
0
0
0
0
4
448
504
27776
28336
1166592
1171552
61820
103484
2101880
2443256
1800502
4564022
6643841
7748159
0
0
0
0
1
1
715
715
105183
105183
9706503
9706503
9345906
9345906
4183510
4183510
430597
430597
8050844
8050844
0
0
0
0
1
0
870
800
330460
328640
5791026
5755066
650927
15551
4785364
4684565
3497665
8347442
8078648
10211396
0
0
0
0
0
0
715
715
876525
876525
7633593
7633593
3795932
3795932
9298338
9298338
483451
483451
6453711
6453711
0
0
0
0
0
0
448
504
2011776
2016144
10084929
10286305
2734882
10359394
7348095
7734470
4864950
1368372
2804265
5914849
9489588
0
1531769
7901735
618026
8668964
1532438
0
10188712
119989
1249690
3479421
10556701
5497122
3340734
0
5654170
3464148
9037692
8181287
0
2214001
7896439
21245
5748932
8938803
9114842
5986823
9897438
0
6850359
3457135
6087251
10417940
5161828
3431645
1077940
5866692
4886592
7771893
8255973
1207674
8430643
9596309
5985894
1599622
8725325
2325625
10265946
7634216
6500573
1058636
234611
7018493
8147715
0
9221718
9574013
1090441
7928138
4951865
0
5090955
5219183
3086857
8852686
2583552
4417157
4995093
3938061
6976069
9353852
5189437
0
2453364
710730
9861579
5623650
0
5304438
1069578
7996487
10424929
0
10231519
2268565
6879254
7095517
10538487
8692223
7736116
3270126
5711883
0
9150213
4656111
0
0
4752811
3021983
3456396
5504250
5595659
7294530
393430
7392040
5798398
0
4045632
4002556
7325738
9794210
2044654
9183344
8669704
2001724
7047125
9670983
8698733
6606020
2775685
5986680
8635008
9309993
8353858
6058346
565079
7013996
7656236
104353
7374379
7006735
8555881
5586619
4990938
9816443
0
8579525
7987883
10546118
0
3056265
4383658
7629892
7078018
6668939
5764502
10491887
5473409
1672475
5540514
5879297
8937471
4790825
3696571
10225245
3881956
4263294
4652760
2903357
10006114
5241156
8320455
3832202
7295684
5406209
553125
1996613
6601493
1348309
5762258
1634992
9960599
7111482
8502438
0
7781837
5262870
0
2202520
0
8716770
6098599
6993120
7489551
5739604
0
1697614
10106725
3181357
9862803
4558550
7924886
5275986
7157233
5403673
6092207
63696
8032982
1098585
4236216
3252330
7360904
1
3076204
8602302
1558942
5737847
4009350
732640
4158868
0
6543966
0
521224
7801759
4857416
2027676
10016839
1437822
2559646
0
3383800
5455965
2144748
1272012
20853
6120004
963385
0
177242
4519684
0
9027501
2404716
5347601
1888375
5681974
9748167
4914314
7754610
8981397
5071168
5540507
1
6416506
5057419
10539032
5442362
7459814
8463602
6696997
