1.00000000000
3.30000000000
3.60555127546
1.41421356237
2.00000000000
2.82842712475
5.23606797750
11.36452310621
4.23606797750
3.00000000000
3.41421356237
3.41421356237
3.91421356237
6.47213595500
9.67004637771
9.71477664212
3.00000000000
2.53224755112
7.16227766017
25.00781059358
1148.41495346544
1135.84526544956
1149.36847504926
1555.24424548724
1499.00000000000
216.53264700000
406.76389572881
238.09434900001
213.04347400001
38.84818888152
369.51600159019
175.98145844920
7.99653873820
91.39953700000
26.26555700001
62.66023191641
85.34234196803
474.39911615940
81.32526868294
293.02680688895
10.75304324209
105.96367700001
0.53683099999
161.43744041226
74.87034913535
294.32065723778
49.14992593141
192.18823584563
53.45915818210
271.98530226978
163.52831843347
6.89323383121
143.97141840312
36.39694800000
84.73018717128
15.01823182613
194.86567172441
29.77734864224
215.82612824438
24.82865261326
15.57384435154
130.59299861358
545.89747662349
240.27333681916
466.76200155324
312.52082854940
3.42291400000
33.72207600000
2.28473596464
2.80334276808
187.56103172832
623.71675711174
148.98347707842
179.16038638433
238.44781642557
318.40377258378
225.80571453275
188.71361836127
177.26235414562
26.66969648564
17.99048174492
138.96894744841
1.79410100000
88.54370900000
297.65131897691
135.60681766139
208.88627404750
165.51968648390
425.53908330616
1.22127400001
38.63540257327
0.50689835393
373.41964629321
726.59712827125
552.46257252796
1101.57532328131
0.64360300000
727.95244887949
7.06483900000
416.30553997001
2.60974016045
102.73307745724
76.43811273961
220.58257405566
366.46452521583
393.49496898315
209.89993702573
448.52461700000
640.26232058412
196.62352555487
189.40489467175
56.43664508588
219.47481749309
36.24103900000
377.26156505251
111.22356596220
238.07416201392
147.83887988919
1.78560000000
469.02786999930
8.85296100001
10.12431270479
563.04960200001
129.36883742510
196.03668800001
518.24811737799
0.06087400000
220.23228120945
63.62435337769
4.49922869622
510.81517067029
326.38012413766
25.35718391758
27.54047855048
50.89802509263
174.07224366860
77.30525300000
403.39723765973
213.36160505595
98.42162832936
74.27338149253
27.21173763474
74.52564464685
105.37167954073
4.09101738958
164.26196379058
97.41376417389
2.27115398000
237.17175783619
21.88119489669
193.02519155640
633.52021991086
184.28154366465
286.14892182491
247.25386800000
248.94410909071
10.50414896917
254.91604400000
10.13822700000
106.13124545365
158.24341335704
325.76464300000
82.70228224964
169.14138442407
183.57685969215
261.77306588109
152.15554729162
140.79395089253
447.71440804994
216.57834385677
114.21261200000
29.72445100000
54.17967100000
314.43378037228
0.68319499999
367.72335600000
340.50560832042
58.28190911043
33.70104900000
92.17893481212
18.50325700000
120.40382200000
352.88968154233
305.41904436227
5.65138575567
211.08251381428
59.50191567694
292.63489464641
280.95888584201
599.81068733280
360.15158252169
94.75695147361
179.15368401438
431.93730300000
11.31256648008
339.80370030780
172.03539999999
246.95736511089
66.26583855986
7.32939692019
217.23811996011
226.28847595718
194.35597400001
77.80451312530
38.35668400000
251.97398995333
423.02009964685
69.27936800000
229.00639488377
219.94008751234
357.37605016881
63.78542057092
82.65135553642
121.19656100000
80.23900799969
83.37081781179
119.56540728530
260.43624960159
189.10271707631
276.16569166250
39.22147066345
69.40701107032
310.38186755541
177.46447274199
285.87831189435
52.13669340025
326.54409300000
343.43304330761
41.34320958780
24.93747100000
9.84695700000
157.58411537972
14.27327739808
280.28067486138
158.34249816837
50.00998118156
209.58927339182
38.18507703324
231.82197501091
251.86933006577
34.04600556133
187.00321000037
1.09479388371
12.19720864951
373.70011571501
108.34415000000
223.85602386370
142.11450899999
105.83080677220
54.84346408466
206.53265179196
121.99838661708
18.90713344892
363.45963314317
24.35991688865
248.31676506521
287.80114140761
65.39833279956
231.56018252781
186.75329717104
115.48633343586
219.84916179131
144.98268126232
65.45255099999
255.05849444727
182.02356087704
338.05505173650
282.35730019659
31.36664400000
427.28202700000
239.30796075214
133.58711100000
278.94230200000
329.88191413039
9.25716600000
123.79444317430
540.74396958006
107.53293394873
26.19166717564
234.60848900000
85.17938000000
210.86227935993
124.49247492902
8.37290601401
90.54614505168
187.62166792427
39.39640375664
50.09147099999
42.07117698613
226.81612572184
88.59470488430
270.54767410913
187.60163682442
233.94937229950
313.50511005554
474.81172405968
38.43310700000
6.69709887387
47.13195400000
1887.68375245940
902.91526709332
2611.52811971927
976.13555497739
2278.69622686847
1136.76251790563
2665.14997775054
2604.03938498441
2272.46691754130
1512.90350958067
12733.45003313292
11416.07092304461
3541.88730243241
13907.16420141334
6844.32051214695
651.39060100000
4212.86600035633
14010.49401571478
1870.41508195124
2064.90917563017
16136.78065907992
30725.93418288239
28967.15230511042
28857.40615093904
28120.90922550075
25928.26756866751
